
> open-lovable@0.1.0 dev
> next dev --turbopack

   ▲ Next.js 15.4.3 (Turbopack)
   - Local:        http://localhost:3001
   - Network:      http://10.0.0.156:3001
   - Environments: .env

 ✓ Starting...
 ✓ Ready in 680ms
 ○ Compiling /api/auto-fix-errors ...
 ✓ Compiled /api/auto-fix-errors in 551ms
[auto-fix-errors] Auto-fixing 1 errors for sandbox test
[auto-fix-errors] Error: Error [SandboxError]: 404: sandbox "test" doesn't exist or you don't have access to it
    at async POST (app/api/auto-fix-errors/route.ts:19:20)
  17 |
  18 |     // Connect to the sandbox
> 19 |     const sandbox = await Sandbox.connect(sandboxId, { apiKey: process.env.E2B_API_KEY });
     |                    ^
  20 |     
  21 |     const fixResults = [];
  22 |
 POST /api/auto-fix-errors 500 in 878ms
